2025-12-09 15:32:23,944 - main - INFO - 🚀 Запуск KinoVzor API v1.0.0
2025-12-09 15:32:23,954 - main - INFO - ✅ Таблицы базы данных созданы
2025-12-09 15:32:23,954 - main - INFO - ✅ Приложение успешно запущено
2025-12-09 15:32:23,954 - main - INFO - API документация: http://localhost:8000/api/v1/docs
2025-12-09 15:32:23,954 - main - INFO - ReDoc документация: http://localhost:8000/api/v1/redoc
2025-12-09 15:36:36,889 - main - INFO - 🛑 Остановка KinoVzor API...
2025-12-09 15:37:33,339 - main - INFO - 🚀 Запуск KinoVzor API v1.0.0
2025-12-09 15:37:33,339 - main - ERROR - ❌ Ошибка создания таблиц: 'AsyncEngine' object has no attribute '_run_ddl_visitor'
2025-12-09 15:41:24,350 - main - INFO - 🚀 Запуск KinoVzor API v1.0.0
2025-12-09 15:41:24,354 - sqlalchemy.engine.Engine - INFO - BEGIN (implicit)
2025-12-09 15:41:24,354 - sqlalchemy.engine.Engine - INFO - PRAGMA main.table_info("users")
2025-12-09 15:41:24,354 - sqlalchemy.engine.Engine - INFO - [raw sql] ()
2025-12-09 15:41:24,355 - sqlalchemy.engine.Engine - INFO - PRAGMA main.table_info("picks")
2025-12-09 15:41:24,355 - sqlalchemy.engine.Engine - INFO - [raw sql] ()
2025-12-09 15:41:24,356 - sqlalchemy.engine.Engine - INFO - PRAGMA main.table_info("movie_picks")
2025-12-09 15:41:24,356 - sqlalchemy.engine.Engine - INFO - [raw sql] ()
2025-12-09 15:41:24,357 - sqlalchemy.engine.Engine - INFO - PRAGMA main.table_info("movies")
2025-12-09 15:41:24,357 - sqlalchemy.engine.Engine - INFO - [raw sql] ()
2025-12-09 15:41:24,358 - sqlalchemy.engine.Engine - INFO - PRAGMA main.table_info("reviews")
2025-12-09 15:41:24,358 - sqlalchemy.engine.Engine - INFO - [raw sql] ()
2025-12-09 15:41:24,359 - sqlalchemy.engine.Engine - INFO - PRAGMA main.table_info("roles")
2025-12-09 15:41:24,359 - sqlalchemy.engine.Engine - INFO - [raw sql] ()
2025-12-09 15:41:24,360 - sqlalchemy.engine.Engine - INFO - PRAGMA main.table_info("movie_stats")
2025-12-09 15:41:24,360 - sqlalchemy.engine.Engine - INFO - [raw sql] ()
2025-12-09 15:41:24,360 - sqlalchemy.engine.Engine - INFO - COMMIT
2025-12-09 15:41:24,361 - app.database.database - INFO - ✅ Database tables created successfully
2025-12-09 15:41:24,361 - main - INFO - ✅ Таблицы базы данных созданы
2025-12-09 15:41:24,361 - main - INFO - ✅ Приложение успешно запущено
2025-12-09 15:41:24,362 - main - INFO - API документация: http://localhost:8000/api/v1/docs
2025-12-09 15:41:24,362 - main - INFO - ReDoc документация: http://localhost:8000/api/v1/redoc
2025-12-09 15:41:31,112 - app.database.database - ERROR - Transaction rolled back due to error: MovieRepository() takes no arguments
2025-12-09 15:52:50,485 - main - INFO - 🛑 Остановка KinoVzor API...
2025-12-09 15:52:58,177 - main - INFO - 🚀 Запуск KinoVzor API v1.0.0
2025-12-09 15:52:58,188 - sqlalchemy.engine.Engine - INFO - BEGIN (implicit)
2025-12-09 15:52:58,188 - sqlalchemy.engine.Engine - INFO - PRAGMA main.table_info("users")
2025-12-09 15:52:58,188 - sqlalchemy.engine.Engine - INFO - [raw sql] ()
2025-12-09 15:52:58,189 - sqlalchemy.engine.Engine - INFO - PRAGMA main.table_info("picks")
2025-12-09 15:52:58,189 - sqlalchemy.engine.Engine - INFO - [raw sql] ()
2025-12-09 15:52:58,190 - sqlalchemy.engine.Engine - INFO - PRAGMA main.table_info("movie_picks")
2025-12-09 15:52:58,190 - sqlalchemy.engine.Engine - INFO - [raw sql] ()
2025-12-09 15:52:58,191 - sqlalchemy.engine.Engine - INFO - PRAGMA main.table_info("movies")
2025-12-09 15:52:58,191 - sqlalchemy.engine.Engine - INFO - [raw sql] ()
2025-12-09 15:52:58,192 - sqlalchemy.engine.Engine - INFO - PRAGMA main.table_info("reviews")
2025-12-09 15:52:58,192 - sqlalchemy.engine.Engine - INFO - [raw sql] ()
2025-12-09 15:52:58,193 - sqlalchemy.engine.Engine - INFO - PRAGMA main.table_info("roles")
2025-12-09 15:52:58,193 - sqlalchemy.engine.Engine - INFO - [raw sql] ()
2025-12-09 15:52:58,194 - sqlalchemy.engine.Engine - INFO - PRAGMA main.table_info("movie_stats")
2025-12-09 15:52:58,194 - sqlalchemy.engine.Engine - INFO - [raw sql] ()
2025-12-09 15:52:58,195 - sqlalchemy.engine.Engine - INFO - COMMIT
2025-12-09 15:52:58,195 - app.database.database - INFO - ✅ Database tables created successfully
2025-12-09 15:52:58,196 - main - INFO - ✅ Таблицы базы данных созданы
2025-12-09 15:52:58,196 - main - INFO - ✅ Приложение успешно запущено
2025-12-09 15:52:58,196 - main - INFO - API документация: http://localhost:8000/api/v1/docs
2025-12-09 15:52:58,196 - main - INFO - ReDoc документация: http://localhost:8000/api/v1/redoc
2025-12-09 15:53:05,720 - sqlalchemy.engine.Engine - INFO - BEGIN (implicit)
2025-12-09 15:53:05,724 - sqlalchemy.engine.Engine - INFO - ROLLBACK
2025-12-09 15:53:05,724 - app.database.database - ERROR - Transaction rolled back due to error: Could not determine join condition between parent/child tables on relationship User.movie_picks - there are no foreign keys linking these tables.  Ensure that referencing columns are associated with a ForeignKey or ForeignKeyConstraint, or specify a 'primaryjoin' expression.
2025-12-09 21:36:54,333 - main - INFO - 🚀 Запуск KinoVzor API v1.0.0
2025-12-09 21:36:54,349 - sqlalchemy.engine.Engine - INFO - BEGIN (implicit)
2025-12-09 21:36:54,349 - sqlalchemy.engine.Engine - INFO - PRAGMA main.table_info("users")
2025-12-09 21:36:54,349 - sqlalchemy.engine.Engine - INFO - [raw sql] ()
2025-12-09 21:36:54,350 - sqlalchemy.engine.Engine - INFO - PRAGMA main.table_info("picks")
2025-12-09 21:36:54,350 - sqlalchemy.engine.Engine - INFO - [raw sql] ()
2025-12-09 21:36:54,351 - sqlalchemy.engine.Engine - INFO - PRAGMA main.table_info("movie_picks")
2025-12-09 21:36:54,351 - sqlalchemy.engine.Engine - INFO - [raw sql] ()
2025-12-09 21:36:54,352 - sqlalchemy.engine.Engine - INFO - PRAGMA main.table_info("movies")
2025-12-09 21:36:54,352 - sqlalchemy.engine.Engine - INFO - [raw sql] ()
2025-12-09 21:36:54,353 - sqlalchemy.engine.Engine - INFO - PRAGMA main.table_info("reviews")
2025-12-09 21:36:54,353 - sqlalchemy.engine.Engine - INFO - [raw sql] ()
2025-12-09 21:36:54,354 - sqlalchemy.engine.Engine - INFO - PRAGMA main.table_info("roles")
2025-12-09 21:36:54,354 - sqlalchemy.engine.Engine - INFO - [raw sql] ()
2025-12-09 21:36:54,355 - sqlalchemy.engine.Engine - INFO - PRAGMA main.table_info("movie_stats")
2025-12-09 21:36:54,355 - sqlalchemy.engine.Engine - INFO - [raw sql] ()
2025-12-09 21:36:54,356 - sqlalchemy.engine.Engine - INFO - COMMIT
2025-12-09 21:36:54,357 - app.database.database - INFO - ✅ Database tables created successfully
2025-12-09 21:36:54,357 - main - INFO - ✅ Таблицы базы данных созданы
2025-12-09 21:36:54,357 - main - INFO - ✅ Приложение успешно запущено
2025-12-09 21:36:54,357 - main - INFO - API документация: http://localhost:8000/api/v1/docs
2025-12-09 21:36:54,357 - main - INFO - ReDoc документация: http://localhost:8000/api/v1/redoc
2025-12-09 21:36:54,401 - watchfiles.main - INFO - 1 change detected
2025-12-09 21:40:03,151 - main - INFO - 🛑 Остановка KinoVzor API...
2025-12-09 21:54:24,994 - main - INFO - 🚀 Запуск KinoVzor API v1.0.0
2025-12-09 21:54:25,006 - sqlalchemy.engine.Engine - INFO - BEGIN (implicit)
2025-12-09 21:54:25,006 - sqlalchemy.engine.Engine - INFO - PRAGMA main.table_info("users")
2025-12-09 21:54:25,007 - sqlalchemy.engine.Engine - INFO - [raw sql] ()
2025-12-09 21:54:25,008 - sqlalchemy.engine.Engine - INFO - PRAGMA main.table_info("picks")
2025-12-09 21:54:25,008 - sqlalchemy.engine.Engine - INFO - [raw sql] ()
2025-12-09 21:54:25,009 - sqlalchemy.engine.Engine - INFO - PRAGMA main.table_info("movie_picks")
2025-12-09 21:54:25,009 - sqlalchemy.engine.Engine - INFO - [raw sql] ()
2025-12-09 21:54:25,010 - sqlalchemy.engine.Engine - INFO - PRAGMA main.table_info("movies")
2025-12-09 21:54:25,010 - sqlalchemy.engine.Engine - INFO - [raw sql] ()
2025-12-09 21:54:25,011 - sqlalchemy.engine.Engine - INFO - PRAGMA main.table_info("reviews")
2025-12-09 21:54:25,011 - sqlalchemy.engine.Engine - INFO - [raw sql] ()
2025-12-09 21:54:25,012 - sqlalchemy.engine.Engine - INFO - PRAGMA main.table_info("roles")
2025-12-09 21:54:25,013 - sqlalchemy.engine.Engine - INFO - [raw sql] ()
2025-12-09 21:54:25,013 - sqlalchemy.engine.Engine - INFO - PRAGMA main.table_info("movie_stats")
2025-12-09 21:54:25,014 - sqlalchemy.engine.Engine - INFO - [raw sql] ()
2025-12-09 21:54:25,014 - sqlalchemy.engine.Engine - INFO - COMMIT
2025-12-09 21:54:25,015 - app.database.database - INFO - ✅ Database tables created successfully
2025-12-09 21:54:25,015 - main - INFO - ✅ Таблицы базы данных созданы
2025-12-09 21:54:25,015 - main - INFO - ✅ Приложение успешно запущено
2025-12-09 21:54:25,015 - main - INFO - API документация: http://localhost:8000/api/v1/docs
2025-12-09 21:54:25,016 - main - INFO - ReDoc документация: http://localhost:8000/api/v1/redoc
2025-12-09 21:54:25,075 - watchfiles.main - INFO - 6 changes detected
2025-12-09 21:54:58,998 - watchfiles.main - INFO - 1 change detected
2025-12-09 21:54:59,803 - watchfiles.main - INFO - 1 change detected
2025-12-09 21:55:46,256 - watchfiles.main - INFO - 1 change detected
2025-12-09 21:55:46,415 - main - INFO - 🛑 Остановка KinoVzor API...
2025-12-09 21:55:46,925 - watchfiles.main - INFO - 1 change detected
2025-12-09 21:55:47,284 - watchfiles.main - INFO - 1 change detected
2025-12-09 21:55:47,643 - watchfiles.main - INFO - 1 change detected
2025-12-09 21:55:48,004 - watchfiles.main - INFO - 1 change detected
2025-12-09 21:55:48,363 - watchfiles.main - INFO - 1 change detected
2025-12-09 21:55:48,722 - watchfiles.main - INFO - 1 change detected
2025-12-09 21:55:49,082 - watchfiles.main - INFO - 1 change detected
2025-12-09 21:55:49,443 - watchfiles.main - INFO - 1 change detected
2025-12-09 21:55:49,853 - watchfiles.main - INFO - 1 change detected
2025-12-09 21:55:50,209 - watchfiles.main - INFO - 1 change detected
2025-12-09 22:02:37,576 - main - INFO - 🚀 Запуск KinoVzor API v1.0.0
2025-12-09 22:02:37,589 - sqlalchemy.engine.Engine - INFO - BEGIN (implicit)
2025-12-09 22:02:37,590 - sqlalchemy.engine.Engine - INFO - PRAGMA main.table_info("users")
2025-12-09 22:02:37,590 - sqlalchemy.engine.Engine - INFO - [raw sql] ()
2025-12-09 22:02:37,592 - sqlalchemy.engine.Engine - INFO - PRAGMA main.table_info("picks")
2025-12-09 22:02:37,592 - sqlalchemy.engine.Engine - INFO - [raw sql] ()
2025-12-09 22:02:37,593 - sqlalchemy.engine.Engine - INFO - PRAGMA main.table_info("movie_picks")
2025-12-09 22:02:37,593 - sqlalchemy.engine.Engine - INFO - [raw sql] ()
2025-12-09 22:02:37,594 - sqlalchemy.engine.Engine - INFO - PRAGMA main.table_info("movies")
2025-12-09 22:02:37,594 - sqlalchemy.engine.Engine - INFO - [raw sql] ()
2025-12-09 22:02:37,595 - sqlalchemy.engine.Engine - INFO - PRAGMA main.table_info("reviews")
2025-12-09 22:02:37,595 - sqlalchemy.engine.Engine - INFO - [raw sql] ()
2025-12-09 22:02:37,596 - sqlalchemy.engine.Engine - INFO - PRAGMA main.table_info("roles")
2025-12-09 22:02:37,596 - sqlalchemy.engine.Engine - INFO - [raw sql] ()
2025-12-09 22:02:37,597 - sqlalchemy.engine.Engine - INFO - PRAGMA main.table_info("movie_stats")
2025-12-09 22:02:37,597 - sqlalchemy.engine.Engine - INFO - [raw sql] ()
2025-12-09 22:02:37,598 - sqlalchemy.engine.Engine - INFO - COMMIT
2025-12-09 22:02:37,599 - app.database.database - INFO - ✅ Database tables created successfully
2025-12-09 22:02:37,599 - main - INFO - ✅ Таблицы базы данных созданы
2025-12-09 22:02:37,599 - main - INFO - ✅ Приложение успешно запущено
2025-12-09 22:02:37,599 - main - INFO - API документация: http://localhost:8000/api/v1/docs
2025-12-09 22:02:37,599 - main - INFO - ReDoc документация: http://localhost:8000/api/v1/redoc
2025-12-09 22:02:37,657 - watchfiles.main - INFO - 6 changes detected
2025-12-09 22:02:57,598 - main - INFO - 🛑 Остановка KinoVzor API...
2025-12-09 23:00:30,207 - main - INFO - 🚀 Запуск KinoVzor API v1.0.0
2025-12-09 23:00:30,212 - sqlalchemy.engine.Engine - INFO - BEGIN (implicit)
2025-12-09 23:00:30,213 - sqlalchemy.engine.Engine - INFO - COMMIT
2025-12-09 23:00:30,213 - app.database.database - INFO - ✅ Database tables created successfully
2025-12-09 23:00:30,213 - main - INFO - ✅ Таблицы базы данных созданы
2025-12-09 23:00:30,214 - main - INFO - ✅ Приложение успешно запущено
2025-12-09 23:00:30,214 - main - INFO - API документация: http://localhost:8000/api/v1/docs
2025-12-09 23:00:30,214 - main - INFO - ReDoc документация: http://localhost:8000/api/v1/redoc
2025-12-09 23:10:22,920 - main - INFO - 🛑 Остановка KinoVzor API...
2025-12-09 23:11:35,834 - main - INFO - 🚀 Запуск KinoVzor API v1.0.0
2025-12-09 23:11:35,845 - sqlalchemy.engine.Engine - INFO - BEGIN (implicit)
2025-12-09 23:11:35,846 - sqlalchemy.engine.Engine - INFO - COMMIT
2025-12-09 23:11:35,846 - app.database.database - INFO - ✅ Database tables created successfully
2025-12-09 23:11:35,847 - main - INFO - ✅ Таблицы базы данных созданы
2025-12-09 23:11:35,847 - main - INFO - ✅ Приложение успешно запущено
2025-12-09 23:11:35,847 - main - INFO - API документация: http://localhost:8000/api/v1/docs
2025-12-09 23:11:35,847 - main - INFO - ReDoc документация: http://localhost:8000/api/v1/redoc
2025-12-09 23:12:06,434 - main - INFO - 🛑 Остановка KinoVzor API...
2025-12-09 23:12:51,208 - main - INFO - 🚀 Запуск KinoVzor API v1.0.0
2025-12-09 23:12:51,212 - sqlalchemy.engine.Engine - INFO - BEGIN (implicit)
2025-12-09 23:12:51,213 - sqlalchemy.engine.Engine - INFO - COMMIT
2025-12-09 23:12:51,213 - app.database.database - INFO - ✅ Database tables created successfully
2025-12-09 23:12:51,213 - main - INFO - ✅ Таблицы базы данных созданы
2025-12-09 23:12:51,214 - main - INFO - ✅ Приложение успешно запущено
2025-12-09 23:12:51,214 - main - INFO - API документация: http://localhost:8000/api/v1/docs
2025-12-09 23:12:51,214 - main - INFO - ReDoc документация: http://localhost:8000/api/v1/redoc
2025-12-09 23:15:03,944 - main - INFO - 🛑 Остановка KinoVzor API...
2025-12-09 23:15:17,631 - main - INFO - 🚀 Запуск KinoVzor API v1.0.0
2025-12-09 23:15:17,635 - sqlalchemy.engine.Engine - INFO - BEGIN (implicit)
2025-12-09 23:15:17,636 - sqlalchemy.engine.Engine - INFO - COMMIT
2025-12-09 23:15:17,636 - app.database.database - INFO - ✅ Database tables created successfully
2025-12-09 23:15:17,636 - main - INFO - ✅ Таблицы базы данных созданы
2025-12-09 23:15:17,637 - main - INFO - ✅ Приложение успешно запущено
2025-12-09 23:15:17,637 - main - INFO - API документация: http://localhost:8000/api/v1/docs
2025-12-09 23:15:17,637 - main - INFO - ReDoc документация: http://localhost:8000/api/v1/redoc
2025-12-09 23:16:00,558 - main - INFO - 🛑 Остановка KinoVzor API...
2025-12-09 23:16:08,343 - main - INFO - 🚀 Запуск KinoVzor API v1.0.0
2025-12-09 23:16:08,347 - sqlalchemy.engine.Engine - INFO - BEGIN (implicit)
2025-12-09 23:16:08,347 - sqlalchemy.engine.Engine - INFO - COMMIT
2025-12-09 23:16:08,348 - app.database.database - INFO - ✅ Database tables created successfully
2025-12-09 23:16:08,348 - main - INFO - ✅ Таблицы базы данных созданы
2025-12-09 23:16:08,348 - main - INFO - ✅ Приложение успешно запущено
2025-12-09 23:16:08,348 - main - INFO - API документация: http://localhost:8000/api/v1/docs
2025-12-09 23:16:08,348 - main - INFO - ReDoc документация: http://localhost:8000/api/v1/redoc
2025-12-09 23:17:28,758 - main - INFO - 🛑 Остановка KinoVzor API...
2025-12-09 23:17:40,847 - main - INFO - 🚀 Запуск KinoVzor API v1.0.0
2025-12-09 23:17:40,851 - sqlalchemy.engine.Engine - INFO - BEGIN (implicit)
2025-12-09 23:17:40,852 - sqlalchemy.engine.Engine - INFO - COMMIT
2025-12-09 23:17:40,852 - app.database.database - INFO - ✅ Database tables created successfully
2025-12-09 23:17:40,852 - main - INFO - ✅ Таблицы базы данных созданы
2025-12-09 23:17:40,853 - main - INFO - ✅ Приложение успешно запущено
2025-12-09 23:17:40,853 - main - INFO - API документация: http://localhost:8000/api/v1/docs
2025-12-09 23:17:40,853 - main - INFO - ReDoc документация: http://localhost:8000/api/v1/redoc
2025-12-09 23:18:20,629 - main - INFO - 🛑 Остановка KinoVzor API...
2025-12-09 23:18:38,090 - main - INFO - 🚀 Запуск KinoVzor API v1.0.0
2025-12-09 23:18:38,094 - sqlalchemy.engine.Engine - INFO - BEGIN (implicit)
2025-12-09 23:18:38,094 - sqlalchemy.engine.Engine - INFO - COMMIT
2025-12-09 23:18:38,095 - app.database.database - INFO - ✅ Database tables created successfully
2025-12-09 23:18:38,095 - main - INFO - ✅ Таблицы базы данных созданы
2025-12-09 23:18:38,095 - main - INFO - ✅ Приложение успешно запущено
2025-12-09 23:18:38,095 - main - INFO - API документация: http://localhost:8000/api/v1/docs
2025-12-09 23:18:38,096 - main - INFO - ReDoc документация: http://localhost:8000/api/v1/redoc
2025-12-09 23:23:02,509 - main - INFO - 🛑 Остановка KinoVzor API...
2025-12-09 23:23:08,980 - main - INFO - 🚀 Запуск KinoVzor API v1.0.0
2025-12-09 23:23:08,993 - sqlalchemy.engine.Engine - INFO - BEGIN (implicit)
2025-12-09 23:23:08,993 - sqlalchemy.engine.Engine - INFO - COMMIT
2025-12-09 23:23:08,994 - app.database.database - INFO - ✅ Database tables created successfully
2025-12-09 23:23:08,994 - main - INFO - ✅ Таблицы базы данных созданы
2025-12-09 23:23:08,994 - main - INFO - ✅ Приложение успешно запущено
2025-12-09 23:23:08,994 - main - INFO - API документация: http://localhost:8000/api/v1/docs
2025-12-09 23:23:08,994 - main - INFO - ReDoc документация: http://localhost:8000/api/v1/redoc
2025-12-09 23:23:09,052 - watchfiles.main - INFO - 1 change detected
2025-12-09 23:24:00,731 - main - INFO - 🛑 Остановка KinoVzor API...
2025-12-09 23:24:35,401 - main - INFO - 🚀 Запуск KinoVzor API v1.0.0
2025-12-09 23:24:35,415 - sqlalchemy.engine.Engine - INFO - BEGIN (implicit)
2025-12-09 23:24:35,416 - sqlalchemy.engine.Engine - INFO - COMMIT
2025-12-09 23:24:35,416 - app.database.database - INFO - ✅ Database tables created successfully
2025-12-09 23:24:35,417 - main - INFO - ✅ Таблицы базы данных созданы
2025-12-09 23:24:35,417 - main - INFO - ✅ Приложение успешно запущено
2025-12-09 23:24:35,417 - main - INFO - API документация: http://localhost:8000/api/v1/docs
2025-12-09 23:24:35,417 - main - INFO - ReDoc документация: http://localhost:8000/api/v1/redoc
2025-12-09 23:24:35,510 - watchfiles.main - INFO - 1 change detected
2025-12-09 23:26:51,966 - watchfiles.main - INFO - 3 changes detected
2025-12-09 23:26:57,056 - watchfiles.main - INFO - 1 change detected
2025-12-09 23:27:00,583 - watchfiles.main - INFO - 1 change detected
2025-12-09 23:27:04,616 - watchfiles.main - INFO - 1 change detected
2025-12-09 23:27:09,506 - watchfiles.main - INFO - 1 change detected
2025-12-09 23:31:20,068 - watchfiles.main - INFO - 1 change detected
2025-12-09 23:31:20,200 - main - INFO - 🛑 Остановка KinoVzor API...
2025-12-09 23:31:20,736 - watchfiles.main - INFO - 2 changes detected
2025-12-09 23:31:21,171 - watchfiles.main - INFO - 1 change detected
2025-12-09 23:31:22,100 - main - INFO - 🚀 Запуск KinoVzor API v1.0.0
2025-12-09 23:31:22,112 - sqlalchemy.engine.Engine - INFO - BEGIN (implicit)
2025-12-09 23:31:22,112 - sqlalchemy.engine.Engine - INFO - COMMIT
2025-12-09 23:31:22,113 - app.database.database - INFO - ✅ Database tables created successfully
2025-12-09 23:31:22,113 - main - INFO - ✅ Таблицы базы данных созданы
2025-12-09 23:31:22,113 - main - INFO - ✅ Приложение успешно запущено
2025-12-09 23:31:22,114 - main - INFO - API документация: http://localhost:8000/api/v1/docs
2025-12-09 23:31:22,114 - main - INFO - ReDoc документация: http://localhost:8000/api/v1/redoc
2025-12-09 23:31:22,182 - watchfiles.main - INFO - 7 changes detected
2025-12-09 23:31:22,592 - watchfiles.main - INFO - 1 change detected
2025-12-09 23:31:22,996 - watchfiles.main - INFO - 1 change detected
2025-12-09 23:31:23,403 - watchfiles.main - INFO - 1 change detected
2025-12-09 23:31:23,758 - watchfiles.main - INFO - 1 change detected
2025-12-09 23:31:24,167 - watchfiles.main - INFO - 1 change detected
2025-12-09 23:31:24,573 - watchfiles.main - INFO - 1 change detected
2025-12-09 23:31:24,977 - watchfiles.main - INFO - 1 change detected
2025-12-09 23:31:25,385 - watchfiles.main - INFO - 1 change detected
2025-12-09 23:31:25,793 - watchfiles.main - INFO - 1 change detected
2025-12-09 23:31:26,203 - watchfiles.main - INFO - 1 change detected
2025-12-09 23:31:26,562 - watchfiles.main - INFO - 1 change detected
2025-12-09 23:31:26,979 - watchfiles.main - INFO - 1 change detected
2025-12-09 23:31:27,384 - watchfiles.main - INFO - 1 change detected
2025-12-09 23:31:27,794 - watchfiles.main - INFO - 1 change detected
2025-12-09 23:31:28,196 - watchfiles.main - INFO - 1 change detected
2025-12-09 23:31:28,606 - watchfiles.main - INFO - 1 change detected
2025-12-09 23:31:28,967 - watchfiles.main - INFO - 1 change detected
2025-12-09 23:31:29,381 - watchfiles.main - INFO - 1 change detected
2025-12-09 23:31:29,791 - watchfiles.main - INFO - 1 change detected
2025-12-09 23:31:30,152 - watchfiles.main - INFO - 1 change detected
2025-12-09 23:31:30,564 - watchfiles.main - INFO - 1 change detected
2025-12-09 23:31:30,974 - watchfiles.main - INFO - 1 change detected
2025-12-09 23:31:31,335 - watchfiles.main - INFO - 1 change detected
2025-12-09 23:31:31,748 - watchfiles.main - INFO - 1 change detected
2025-12-09 23:31:32,160 - watchfiles.main - INFO - 1 change detected
2025-12-09 23:31:32,568 - watchfiles.main - INFO - 1 change detected
2025-12-09 23:31:32,927 - watchfiles.main - INFO - 1 change detected
2025-12-09 23:31:33,340 - watchfiles.main - INFO - 1 change detected
2025-12-09 23:31:33,749 - watchfiles.main - INFO - 1 change detected
2025-12-09 23:31:34,156 - watchfiles.main - INFO - 1 change detected
2025-12-09 23:31:34,512 - watchfiles.main - INFO - 1 change detected
2025-12-09 23:31:34,925 - watchfiles.main - INFO - 1 change detected
2025-12-09 23:31:35,335 - watchfiles.main - INFO - 1 change detected
2025-12-09 23:31:35,694 - watchfiles.main - INFO - 1 change detected
2025-12-09 23:31:36,106 - watchfiles.main - INFO - 1 change detected
2025-12-09 23:31:36,515 - watchfiles.main - INFO - 1 change detected
2025-12-09 23:31:36,922 - watchfiles.main - INFO - 1 change detected
2025-12-09 23:31:37,281 - watchfiles.main - INFO - 1 change detected
2025-12-09 23:31:37,691 - watchfiles.main - INFO - 1 change detected
2025-12-09 23:31:38,097 - watchfiles.main - INFO - 1 change detected
2025-12-09 23:31:38,507 - watchfiles.main - INFO - 1 change detected
2025-12-09 23:31:38,862 - watchfiles.main - INFO - 1 change detected
2025-12-09 23:31:39,272 - watchfiles.main - INFO - 1 change detected
2025-12-09 23:31:39,678 - watchfiles.main - INFO - 1 change detected
2025-12-09 23:31:40,083 - watchfiles.main - INFO - 1 change detected
2025-12-09 23:31:40,442 - watchfiles.main - INFO - 1 change detected
2025-12-09 23:31:40,854 - watchfiles.main - INFO - 1 change detected
2025-12-09 23:31:41,264 - watchfiles.main - INFO - 1 change detected
2025-12-09 23:31:41,620 - watchfiles.main - INFO - 1 change detected
2025-12-09 23:31:42,029 - watchfiles.main - INFO - 1 change detected
2025-12-09 23:31:42,437 - watchfiles.main - INFO - 1 change detected
2025-12-09 23:31:42,844 - watchfiles.main - INFO - 1 change detected
2025-12-09 23:31:43,252 - watchfiles.main - INFO - 1 change detected
2025-12-09 23:31:43,611 - watchfiles.main - INFO - 1 change detected
2025-12-09 23:31:44,023 - watchfiles.main - INFO - 1 change detected
2025-12-09 23:31:44,432 - watchfiles.main - INFO - 1 change detected
2025-12-09 23:31:44,838 - watchfiles.main - INFO - 1 change detected
2025-12-09 23:31:45,194 - watchfiles.main - INFO - 1 change detected
2025-12-09 23:31:45,604 - watchfiles.main - INFO - 1 change detected
2025-12-09 23:31:46,014 - watchfiles.main - INFO - 1 change detected
2025-12-09 23:31:46,420 - watchfiles.main - INFO - 1 change detected
2025-12-09 23:31:46,825 - watchfiles.main - INFO - 1 change detected
2025-12-09 23:31:47,230 - watchfiles.main - INFO - 1 change detected
2025-12-09 23:31:47,636 - watchfiles.main - INFO - 1 change detected
2025-12-09 23:31:48,042 - watchfiles.main - INFO - 1 change detected
2025-12-09 23:31:48,402 - watchfiles.main - INFO - 1 change detected
2025-12-09 23:31:48,808 - watchfiles.main - INFO - 1 change detected
2025-12-09 23:31:49,214 - watchfiles.main - INFO - 1 change detected
2025-12-09 23:31:49,618 - watchfiles.main - INFO - 1 change detected
2025-12-09 23:31:50,025 - watchfiles.main - INFO - 1 change detected
2025-12-09 23:31:50,434 - watchfiles.main - INFO - 1 change detected
2025-12-09 23:31:50,840 - watchfiles.main - INFO - 1 change detected
2025-12-09 23:31:51,250 - watchfiles.main - INFO - 1 change detected
2025-12-09 23:31:51,652 - watchfiles.main - INFO - 1 change detected
2025-12-09 23:31:52,057 - watchfiles.main - INFO - 1 change detected
2025-12-09 23:31:52,459 - watchfiles.main - INFO - 1 change detected
2025-12-09 23:31:52,865 - watchfiles.main - INFO - 1 change detected
2025-12-09 23:31:53,270 - watchfiles.main - INFO - 1 change detected
2025-12-09 23:31:53,676 - watchfiles.main - INFO - 1 change detected
2025-12-09 23:31:54,084 - watchfiles.main - INFO - 1 change detected
2025-12-09 23:31:54,491 - watchfiles.main - INFO - 1 change detected
2025-12-09 23:31:54,849 - watchfiles.main - INFO - 1 change detected
2025-12-09 23:31:55,255 - watchfiles.main - INFO - 1 change detected
2025-12-09 23:31:55,661 - watchfiles.main - INFO - 1 change detected
2025-12-09 23:31:56,065 - watchfiles.main - INFO - 1 change detected
2025-12-09 23:31:56,475 - watchfiles.main - INFO - 1 change detected
2025-12-09 23:31:56,834 - watchfiles.main - INFO - 1 change detected
2025-12-09 23:31:57,244 - watchfiles.main - INFO - 1 change detected
2025-12-09 23:31:57,652 - watchfiles.main - INFO - 1 change detected
2025-12-09 23:31:58,058 - watchfiles.main - INFO - 1 change detected
2025-12-09 23:31:58,415 - watchfiles.main - INFO - 1 change detected
2025-12-09 23:31:58,776 - watchfiles.main - INFO - 1 change detected
2025-12-09 23:31:59,137 - watchfiles.main - INFO - 1 change detected
2025-12-09 23:31:59,500 - watchfiles.main - INFO - 1 change detected
2025-12-09 23:31:59,858 - watchfiles.main - INFO - 1 change detected
2025-12-09 23:32:00,217 - watchfiles.main - INFO - 1 change detected
2025-12-09 23:32:00,577 - watchfiles.main - INFO - 1 change detected
2025-12-09 23:32:00,985 - watchfiles.main - INFO - 1 change detected
2025-12-09 23:32:01,343 - watchfiles.main - INFO - 1 change detected
2025-12-09 23:32:01,751 - watchfiles.main - INFO - 1 change detected
2025-12-09 23:32:02,155 - watchfiles.main - INFO - 1 change detected
2025-12-09 23:32:02,559 - watchfiles.main - INFO - 1 change detected
2025-12-09 23:32:02,966 - watchfiles.main - INFO - 1 change detected
2025-12-09 23:32:03,369 - watchfiles.main - INFO - 1 change detected
2025-12-09 23:32:03,778 - watchfiles.main - INFO - 1 change detected
2025-12-09 23:32:04,186 - watchfiles.main - INFO - 1 change detected
2025-12-09 23:32:04,594 - watchfiles.main - INFO - 1 change detected
2025-12-09 23:32:04,951 - watchfiles.main - INFO - 1 change detected
2025-12-09 23:32:05,312 - watchfiles.main - INFO - 1 change detected
2025-12-09 23:32:05,672 - watchfiles.main - INFO - 2 changes detected
2025-12-09 23:32:06,027 - watchfiles.main - INFO - 1 change detected
2025-12-09 23:32:06,388 - watchfiles.main - INFO - 1 change detected
2025-12-09 23:32:06,747 - watchfiles.main - INFO - 1 change detected
2025-12-09 23:32:07,112 - watchfiles.main - INFO - 1 change detected
2025-12-09 23:32:07,474 - watchfiles.main - INFO - 1 change detected
2025-12-09 23:32:07,837 - watchfiles.main - INFO - 1 change detected
2025-12-09 23:32:08,200 - watchfiles.main - INFO - 1 change detected
2025-12-09 23:32:08,613 - watchfiles.main - INFO - 1 change detected
2025-12-09 23:32:09,024 - watchfiles.main - INFO - 1 change detected
2025-12-09 23:32:09,382 - watchfiles.main - INFO - 1 change detected
2025-12-09 23:32:09,795 - watchfiles.main - INFO - 1 change detected
2025-12-09 23:32:10,198 - watchfiles.main - INFO - 1 change detected
2025-12-09 23:32:10,606 - watchfiles.main - INFO - 1 change detected
2025-12-09 23:32:10,962 - watchfiles.main - INFO - 1 change detected
2025-12-09 23:32:11,372 - watchfiles.main - INFO - 1 change detected
2025-12-09 23:32:11,774 - watchfiles.main - INFO - 1 change detected
2025-12-09 23:32:12,181 - watchfiles.main - INFO - 1 change detected
2025-12-09 23:32:12,588 - watchfiles.main - INFO - 1 change detected
2025-12-09 23:32:12,996 - watchfiles.main - INFO - 1 change detected
2025-12-09 23:32:13,354 - watchfiles.main - INFO - 1 change detected
2025-12-09 23:32:13,766 - watchfiles.main - INFO - 1 change detected
2025-12-09 23:32:14,176 - watchfiles.main - INFO - 1 change detected
2025-12-09 23:32:14,535 - watchfiles.main - INFO - 1 change detected
2025-12-09 23:32:14,947 - watchfiles.main - INFO - 1 change detected
2025-12-09 23:32:15,352 - watchfiles.main - INFO - 1 change detected
2025-12-09 23:32:15,759 - watchfiles.main - INFO - 1 change detected
2025-12-09 23:32:16,162 - watchfiles.main - INFO - 1 change detected
2025-12-09 23:32:16,570 - watchfiles.main - INFO - 1 change detected
2025-12-09 23:32:16,978 - watchfiles.main - INFO - 1 change detected
2025-12-09 23:32:17,337 - watchfiles.main - INFO - 1 change detected
2025-12-09 23:32:17,749 - watchfiles.main - INFO - 1 change detected
2025-12-09 23:32:18,160 - watchfiles.main - INFO - 1 change detected
2025-12-09 23:32:18,520 - watchfiles.main - INFO - 1 change detected
2025-12-09 23:32:18,933 - watchfiles.main - INFO - 1 change detected
2025-12-09 23:32:19,341 - watchfiles.main - INFO - 1 change detected
2025-12-09 23:32:19,747 - watchfiles.main - INFO - 1 change detected
2025-12-09 23:32:20,104 - watchfiles.main - INFO - 1 change detected
2025-12-09 23:32:20,512 - watchfiles.main - INFO - 1 change detected
2025-12-09 23:32:20,919 - watchfiles.main - INFO - 1 change detected
2025-12-09 23:32:21,328 - watchfiles.main - INFO - 1 change detected
2025-12-09 23:32:21,734 - watchfiles.main - INFO - 1 change detected
2025-12-09 23:32:22,142 - watchfiles.main - INFO - 1 change detected
2025-12-09 23:32:22,544 - watchfiles.main - INFO - 1 change detected
2025-12-09 23:32:22,947 - watchfiles.main - INFO - 1 change detected
2025-12-09 23:32:23,355 - watchfiles.main - INFO - 1 change detected
2025-12-09 23:32:23,715 - watchfiles.main - INFO - 1 change detected
2025-12-09 23:32:24,125 - watchfiles.main - INFO - 2 changes detected
2025-12-09 23:32:24,305 - main - INFO - 🛑 Остановка KinoVzor API...
2025-12-09 23:32:24,814 - watchfiles.main - INFO - 2 changes detected
2025-12-09 23:32:25,234 - watchfiles.main - INFO - 1 change detected
2025-12-09 23:32:26,148 - main - INFO - 🚀 Запуск KinoVzor API v1.0.0
2025-12-09 23:32:26,161 - sqlalchemy.engine.Engine - INFO - BEGIN (implicit)
2025-12-09 23:32:26,161 - sqlalchemy.engine.Engine - INFO - COMMIT
2025-12-09 23:32:26,162 - app.database.database - INFO - ✅ Database tables created successfully
2025-12-09 23:32:26,162 - main - INFO - ✅ Таблицы базы данных созданы
2025-12-09 23:32:26,162 - main - INFO - ✅ Приложение успешно запущено
2025-12-09 23:32:26,162 - main - INFO - API документация: http://localhost:8000/api/v1/docs
2025-12-09 23:32:26,162 - main - INFO - ReDoc документация: http://localhost:8000/api/v1/redoc
2025-12-09 23:32:26,247 - watchfiles.main - INFO - 7 changes detected
2025-12-09 23:32:26,609 - watchfiles.main - INFO - 1 change detected
2025-12-09 23:32:27,019 - watchfiles.main - INFO - 1 change detected
2025-12-09 23:32:27,427 - watchfiles.main - INFO - 1 change detected
2025-12-09 23:32:27,835 - watchfiles.main - INFO - 1 change detected
2025-12-09 23:32:28,243 - watchfiles.main - INFO - 1 change detected
2025-12-09 23:32:28,649 - watchfiles.main - INFO - 1 change detected
2025-12-09 23:32:29,056 - watchfiles.main - INFO - 1 change detected
2025-12-09 23:32:29,461 - watchfiles.main - INFO - 1 change detected
2025-12-09 23:32:29,816 - watchfiles.main - INFO - 1 change detected
2025-12-09 23:32:30,226 - watchfiles.main - INFO - 1 change detected
2025-12-09 23:32:30,634 - watchfiles.main - INFO - 1 change detected
2025-12-09 23:32:31,042 - watchfiles.main - INFO - 1 change detected
2025-12-09 23:32:31,446 - watchfiles.main - INFO - 1 change detected
2025-12-09 23:32:31,856 - watchfiles.main - INFO - 1 change detected
2025-12-09 23:32:32,217 - watchfiles.main - INFO - 1 change detected
2025-12-09 23:32:32,630 - watchfiles.main - INFO - 1 change detected
2025-12-09 23:32:33,037 - watchfiles.main - INFO - 1 change detected
2025-12-09 23:32:33,444 - watchfiles.main - INFO - 1 change detected
2025-12-09 23:32:33,800 - watchfiles.main - INFO - 1 change detected
2025-12-09 23:32:34,210 - watchfiles.main - INFO - 1 change detected
2025-12-09 23:32:34,619 - watchfiles.main - INFO - 1 change detected
2025-12-09 23:32:35,024 - watchfiles.main - INFO - 1 change detected
2025-12-09 23:32:35,380 - watchfiles.main - INFO - 1 change detected
2025-12-09 23:32:35,792 - watchfiles.main - INFO - 1 change detected
2025-12-09 23:32:36,197 - watchfiles.main - INFO - 1 change detected
2025-12-09 23:32:36,607 - watchfiles.main - INFO - 1 change detected
2025-12-09 23:32:37,016 - watchfiles.main - INFO - 1 change detected
2025-12-09 23:32:37,421 - watchfiles.main - INFO - 1 change detected
2025-12-09 23:32:37,781 - watchfiles.main - INFO - 1 change detected
2025-12-09 23:32:38,189 - watchfiles.main - INFO - 1 change detected
2025-12-09 23:32:38,597 - watchfiles.main - INFO - 1 change detected
2025-12-09 23:32:39,006 - watchfiles.main - INFO - 1 change detected
2025-12-09 23:32:39,414 - watchfiles.main - INFO - 1 change detected
2025-12-09 23:32:39,769 - watchfiles.main - INFO - 1 change detected
2025-12-09 23:32:40,179 - watchfiles.main - INFO - 1 change detected
2025-12-09 23:32:40,585 - watchfiles.main - INFO - 1 change detected
2025-12-09 23:32:40,990 - watchfiles.main - INFO - 1 change detected
2025-12-09 23:32:41,397 - watchfiles.main - INFO - 1 change detected
2025-12-09 23:32:41,803 - watchfiles.main - INFO - 1 change detected
2025-12-09 23:32:42,207 - watchfiles.main - INFO - 1 change detected
2025-12-09 23:32:42,614 - watchfiles.main - INFO - 1 change detected
2025-12-09 23:32:43,023 - watchfiles.main - INFO - 1 change detected
2025-12-09 23:32:43,380 - watchfiles.main - INFO - 1 change detected
2025-12-09 23:32:43,792 - watchfiles.main - INFO - 1 change detected
2025-12-09 23:32:44,199 - watchfiles.main - INFO - 1 change detected
2025-12-09 23:32:44,557 - watchfiles.main - INFO - 1 change detected
2025-12-09 23:32:44,969 - watchfiles.main - INFO - 1 change detected
2025-12-09 23:32:45,377 - watchfiles.main - INFO - 1 change detected
2025-12-09 23:32:45,736 - watchfiles.main - INFO - 1 change detected
2025-12-09 23:32:46,144 - watchfiles.main - INFO - 1 change detected
2025-12-09 23:32:46,549 - watchfiles.main - INFO - 1 change detected
2025-12-09 23:32:46,954 - watchfiles.main - INFO - 1 change detected
2025-12-09 23:32:47,362 - watchfiles.main - INFO - 1 change detected
2025-12-09 23:32:47,771 - watchfiles.main - INFO - 1 change detected
2025-12-09 23:32:48,180 - watchfiles.main - INFO - 1 change detected
2025-12-09 23:32:48,586 - watchfiles.main - INFO - 1 change detected
2025-12-09 23:32:48,994 - watchfiles.main - INFO - 1 change detected
2025-12-09 23:32:49,398 - watchfiles.main - INFO - 1 change detected
2025-12-09 23:32:49,803 - watchfiles.main - INFO - 1 change detected
2025-12-09 23:32:50,209 - watchfiles.main - INFO - 1 change detected
2025-12-09 23:32:50,567 - watchfiles.main - INFO - 1 change detected
2025-12-09 23:32:50,979 - watchfiles.main - INFO - 1 change detected
2025-12-09 23:32:51,388 - watchfiles.main - INFO - 1 change detected
2025-12-09 23:32:51,794 - watchfiles.main - INFO - 1 change detected
2025-12-09 23:32:52,197 - watchfiles.main - INFO - 1 change detected
2025-12-09 23:32:52,607 - watchfiles.main - INFO - 1 change detected
2025-12-09 23:32:53,012 - watchfiles.main - INFO - 1 change detected
2025-12-09 23:32:53,419 - watchfiles.main - INFO - 1 change detected
2025-12-09 23:32:53,829 - watchfiles.main - INFO - 1 change detected
2025-12-09 23:32:54,237 - watchfiles.main - INFO - 1 change detected
2025-12-09 23:32:54,596 - watchfiles.main - INFO - 1 change detected
2025-12-09 23:32:55,005 - watchfiles.main - INFO - 1 change detected
2025-12-09 23:32:55,413 - watchfiles.main - INFO - 1 change detected
2025-12-09 23:32:55,817 - watchfiles.main - INFO - 1 change detected
2025-12-09 23:32:56,220 - watchfiles.main - INFO - 1 change detected
2025-12-09 23:32:56,625 - watchfiles.main - INFO - 1 change detected
2025-12-09 23:32:57,031 - watchfiles.main - INFO - 1 change detected
2025-12-09 23:32:57,439 - watchfiles.main - INFO - 1 change detected
2025-12-09 23:32:57,843 - watchfiles.main - INFO - 1 change detected
2025-12-09 23:32:58,249 - watchfiles.main - INFO - 1 change detected
2025-12-09 23:32:58,657 - watchfiles.main - INFO - 1 change detected
2025-12-09 23:32:59,063 - watchfiles.main - INFO - 1 change detected
2025-12-09 23:32:59,469 - watchfiles.main - INFO - 1 change detected
2025-12-09 23:32:59,873 - watchfiles.main - INFO - 1 change detected
2025-12-09 23:33:00,280 - watchfiles.main - INFO - 1 change detected
2025-12-09 23:33:00,637 - watchfiles.main - INFO - 1 change detected
2025-12-09 23:33:01,049 - watchfiles.main - INFO - 1 change detected
2025-12-09 23:33:01,459 - watchfiles.main - INFO - 1 change detected
2025-12-09 23:33:01,819 - watchfiles.main - INFO - 1 change detected
2025-12-09 23:33:02,226 - watchfiles.main - INFO - 1 change detected
2025-12-09 23:33:02,632 - watchfiles.main - INFO - 1 change detected
2025-12-09 23:33:03,039 - watchfiles.main - INFO - 1 change detected
2025-12-09 23:33:03,202 - main - INFO - 🛑 Остановка KinoVzor API...
2025-12-09 23:38:31,550 - main - INFO - 🚀 Запуск KinoVzor API v1.0.0
2025-12-09 23:38:31,562 - sqlalchemy.engine.Engine - INFO - BEGIN (implicit)
2025-12-09 23:38:31,563 - sqlalchemy.engine.Engine - INFO - COMMIT
2025-12-09 23:38:31,564 - app.database.database - INFO - ✅ Database tables created successfully
2025-12-09 23:38:31,564 - main - INFO - ✅ Таблицы базы данных созданы
2025-12-09 23:38:31,564 - main - INFO - ✅ Приложение успешно запущено
2025-12-09 23:38:31,564 - main - INFO - API документация: http://localhost:8000/api/v1/docs
2025-12-09 23:38:31,564 - main - INFO - ReDoc документация: http://localhost:8000/api/v1/redoc
2025-12-09 23:47:43,042 - main - INFO - 🛑 Остановка KinoVzor API...
