2025-12-10 21:37:28,548 - __main__ - INFO - ==================================================
2025-12-10 21:37:28,548 - __main__ - INFO - НАЧАЛО ЗАГРУЗКИ ДАННЫХ
2025-12-10 21:37:28,548 - __main__ - INFO - ==================================================
2025-12-10 21:37:28,549 - __main__ - INFO - 🔄 Создание таблиц...
2025-12-10 21:37:28,603 - __main__ - INFO - ✅ Таблицы созданы
2025-12-10 21:37:28,603 - __main__ - INFO - 👤 Создание тестовых пользователей...
2025-12-10 21:37:28,615 - __main__ - INFO - ✅ Созданы пользователи: admin, user, moderator
2025-12-10 21:37:28,616 - __main__ - INFO - 📂 Создание подборок...
2025-12-10 21:37:28,623 - __main__ - INFO - ✅ Созданы подборки: Хиты, Новинки, Классика
2025-12-10 21:37:28,624 - __main__ - INFO - 🎬 Загрузка фильмов...
2025-12-10 21:37:28,627 - __main__ - ERROR - ❌ Ошибка при загрузке фильмов: Instance <SimplePick at 0x2705a161d30> is not bound to a Session; attribute refresh operation cannot proceed (Background on this error at: https://sqlalche.me/e/20/bhk3)
2025-12-10 21:37:28,631 - __main__ - INFO - 📝 Добавление тестовых рецензий...
2025-12-10 21:37:28,634 - __main__ - INFO - 📝 Добавление тестовых рецензий...
2025-12-10 21:37:28,637 - __main__ - INFO - ℹ️ Рецензии уже добавлены
2025-12-10 21:37:28,641 - __main__ - INFO - ==================================================
2025-12-10 21:37:28,642 - __main__ - INFO - СТАТИСТИКА:
2025-12-10 21:37:28,642 - __main__ - INFO - 🎬 Фильмы: 0
2025-12-10 21:37:28,642 - __main__ - INFO - 📂 Подборки: 3
2025-12-10 21:37:28,642 - __main__ - INFO - 👤 Пользователи: 3
2025-12-10 21:37:28,642 - __main__ - INFO - 📝 Рецензии: 0
2025-12-10 21:37:28,642 - __main__ - INFO - ==================================================
2025-12-10 21:37:28,642 - __main__ - INFO - ✅ ЗАГРУЗКА ДАННЫХ ЗАВЕРШЕНА УСПЕШНО!
2025-12-10 21:42:00,993 - __main__ - INFO - ==================================================
2025-12-10 21:42:00,993 - __main__ - INFO - НАЧАЛО ЗАГРУЗКИ ДАННЫХ
2025-12-10 21:42:00,993 - __main__ - INFO - ==================================================
2025-12-10 21:42:00,993 - __main__ - INFO - 🔄 Создание таблиц...
2025-12-10 21:42:01,045 - __main__ - INFO - ✅ Таблицы созданы
2025-12-10 21:42:01,045 - __main__ - INFO - 👤 Создание тестовых пользователей...
2025-12-10 21:42:01,057 - __main__ - INFO - ✅ Созданы пользователи: admin, user, moderator
2025-12-10 21:42:01,058 - __main__ - INFO - 📂 Создание подборок...
2025-12-10 21:42:01,065 - __main__ - INFO - ✅ Созданы подборки: Хиты, Новинки, Классика
2025-12-10 21:42:01,066 - __main__ - INFO - 🎬 Загрузка фильмов...
2025-12-10 21:42:01,084 - __main__ - INFO - ✅ Загружено 10 фильмов...
2025-12-10 21:42:01,097 - __main__ - INFO - ✅ Загружено 20 фильмов...
2025-12-10 21:42:01,108 - __main__ - INFO - ✅ Загружено 30 фильмов...
2025-12-10 21:42:01,119 - __main__ - INFO - ✅ Загружено 40 фильмов...
2025-12-10 21:42:01,129 - __main__ - INFO - ✅ Загружено 50 фильмов...
2025-12-10 21:42:01,133 - __main__ - INFO - ✅ Загружено 50 фильмов!
2025-12-10 21:42:01,133 - __main__ - INFO - ✅ Добавлено 64 связей фильмов с подборками
2025-12-10 21:42:01,133 - __main__ - INFO - 📝 Добавление тестовых рецензий...
2025-12-10 21:42:01,137 - __main__ - INFO - 📝 Добавление тестовых рецензий...
2025-12-10 21:42:01,144 - __main__ - INFO - ✅ Добавлено 5 тестовых рецензий
2025-12-10 21:42:01,149 - __main__ - INFO - ==================================================
2025-12-10 21:42:01,149 - __main__ - INFO - СТАТИСТИКА:
2025-12-10 21:42:01,150 - __main__ - INFO - 🎬 Фильмы: 50
2025-12-10 21:42:01,150 - __main__ - INFO - 📂 Подборки: 3
2025-12-10 21:42:01,150 - __main__ - INFO - 👤 Пользователи: 3
2025-12-10 21:42:01,150 - __main__ - INFO - 📝 Рецензии: 5
2025-12-10 21:42:01,150 - __main__ - INFO - ==================================================
2025-12-10 21:42:01,150 - __main__ - INFO - ✅ ЗАГРУЗКА ДАННЫХ ЗАВЕРШЕНА УСПЕШНО!
